
running 0 tests

test result: ok. 0 passed; 0 failed; 0 ignored; 0 measured; 0 filtered out; finished in 0.00s


running 2 tests
test tests::test_part_one ... ok
test tests::test_part_two ... ok

test result: ok. 2 passed; 0 failed; 0 ignored; 0 measured; 0 filtered out; finished in 0.00s


running 2 tests
test tests::test_part_one ... ok
test tests::test_part_two ... ok

test result: ok. 2 passed; 0 failed; 0 ignored; 0 measured; 0 filtered out; finished in 0.00s


running 2 tests
test tests::test_part_two ... ok
test tests::test_part_one ... ok

test result: ok. 2 passed; 0 failed; 0 ignored; 0 measured; 0 filtered out; finished in 0.00s


running 2 tests
test tests::test_part_two ... ok
test tests::test_part_one ... FAILED

failures:

---- tests::test_part_one stdout ----
.S.. .A..
[['.', '.', '.', '.'], ['.', 'S', 'A', 'M'], ['.', '.', '.', 'S'], ['.', '.', 'A', '.']]
[['.', '.', '.', '.'], ['.', 'S', '.', '.'], ['.', 'A', '.', 'A'], ['.', 'M', 'S', '.']]
0 0 0
.ASA XM..
[['.', '.', '.', 'X'], ['S', 'A', 'M', 'X'], ['.', '.', 'S', '.'], ['.', 'A', '.', 'A']]
[['.', 'S', '.', '.'], ['.', 'A', '.', 'A'], ['.', 'M', 'S', '.'], ['X', 'X', '.', 'A']]
1 0 0
.M.. XXSA
[['.', '.', 'X', 'X'], ['A', 'M', 'X', 'M'], ['.', 'S', '.', '.'], ['A', '.', 'A', '.']]
[['.', 'A', '.', 'A'], ['.', 'M', 'S', '.'], ['X', 'X', '.', 'A'], ['X', 'M', '.', '.']]
0 0 0
.X.M MM..
[['.', 'X', 'X', 'M'], ['M', 'X', 'M', 'S'], ['S', '.', '.', 'A'], ['.', 'A', '.', 'M']]
[['.', 'M', 'S', '.'], ['X', 'X', '.', 'A'], ['X', 'M', '.', '.'], ['M', 'S', 'A', 'M']]
0 0 0
XMAS AS.A
[['X', 'X', 'M', 'A'], ['X', 'M', 'S', '.'], ['.', '.', 'A', '.'], ['A', '.', 'M', 'S']]
[['X', 'X', '.', 'A'], ['X', 'M', '.', '.'], ['M', 'S', 'A', 'M'], ['A', '.', '.', 'S']]
0 0 1
XS.. S.A.
[['X', 'M', 'A', 'S'], ['M', 'S', '.', '.'], ['.', 'A', '.', '.'], ['.', 'M', 'S', '.']]
[['X', 'M', '.', '.'], ['M', 'S', 'A', 'M'], ['A', '.', '.', 'S'], ['S', '.', '.', '.']]
1 0 0
M..X ...M
[['M', 'A', 'S', '.'], ['S', '.', '.', '.'], ['A', '.', '.', '.'], ['M', 'S', '.', 'X']]
[['M', 'S', 'A', 'M'], ['A', '.', '.', 'S'], ['S', '.', '.', '.'], ['.', '.', '.', 'X']]
0 0 0
..AS M..X
[['.', 'S', 'A', 'M'], ['.', '.', '.', 'S'], ['.', '.', 'A', '.'], ['X', 'M', 'A', 'S']]
[['.', '.', '.', 'X'], ['S', '.', '.', 'M'], ['A', '.', 'A', 'A'], ['M', 'S', '.', 'S']]
1 0 0
S..A XSAM
[['S', 'A', 'M', 'X'], ['.', '.', 'S', '.'], ['.', 'A', '.', 'A'], ['M', 'A', 'S', 'A']]
[['S', '.', '.', 'M'], ['A', '.', 'A', 'A'], ['M', 'S', '.', 'S'], ['X', '.', 'A', 'A']]
1 0 0
ASAM M..A
[['A', 'M', 'X', 'M'], ['.', 'S', '.', '.'], ['A', '.', 'A', '.'], ['A', 'S', 'A', 'M']]
[['A', '.', 'A', 'A'], ['M', 'S', '.', 'S'], ['X', '.', 'A', 'A'], ['M', '.', '.', 'M']]
0 0 0
M..X S.AS
[['M', 'X', 'M', 'S'], ['S', '.', '.', 'A'], ['.', 'A', '.', 'M'], ['S', 'A', 'M', 'X']]
[['M', 'S', '.', 'S'], ['X', '.', 'A', 'A'], ['M', '.', '.', 'M'], ['S', 'A', 'M', 'X']]
1 1 0
X.M. .A.A
[['X', 'M', 'S', '.'], ['.', '.', 'A', '.'], ['A', '.', 'M', 'S'], ['A', 'M', 'X', '.']]
[['X', '.', 'A', 'A'], ['M', '.', '.', 'M'], ['S', 'A', 'M', 'X'], ['.', '.', 'S', '.']]
0 1 0
MASM ..MM
[['M', 'S', '.', '.'], ['.', 'A', '.', '.'], ['.', 'M', 'S', '.'], ['M', 'X', '.', 'M']]
[['M', '.', '.', 'M'], ['S', 'A', 'M', 'X'], ['.', '.', 'S', '.'], ['.', '.', '.', 'M']]
0 1 0
S..M ..SX
[['S', '.', '.', '.'], ['A', '.', '.', '.'], ['M', 'S', '.', 'X'], ['X', '.', 'M', 'M']]
[['S', 'A', 'M', 'X'], ['.', '.', 'S', '.'], ['.', '.', '.', 'M'], ['.', '.', 'X', 'M']]
0 1 0
..A. SAMX
[['.', '.', '.', 'S'], ['.', '.', 'A', '.'], ['X', 'M', 'A', 'S'], ['X', '.', '.', '.']]
[['.', '.', 'X', 'X'], ['.', '.', 'M', '.'], ['.', 'A', 'A', '.'], ['S', '.', 'S', '.']]
1 0 1
.AS. ..A.
[['.', '.', 'S', '.'], ['.', 'A', '.', 'A'], ['M', 'A', 'S', 'A'], ['.', '.', '.', '.']]
[['.', '.', 'M', '.'], ['.', 'A', 'A', '.'], ['S', '.', 'S', '.'], ['.', 'A', 'A', '.']]
0 0 0
..A. .AS.
[['.', 'S', '.', '.'], ['A', '.', 'A', '.'], ['A', 'S', 'A', 'M'], ['.', '.', '.', '.']]
[['.', 'A', 'A', '.'], ['S', '.', 'S', '.'], ['.', 'A', 'A', '.'], ['.', '.', 'M', '.']]
0 0 0
SAMX A.A.
[['S', '.', '.', 'A'], ['.', 'A', '.', 'M'], ['S', 'A', 'M', 'X'], ['.', '.', '.', 'X']]
[['S', '.', 'S', '.'], ['.', 'A', 'A', '.'], ['.', '.', 'M', '.'], ['A', 'M', 'X', 'X']]
1 0 1
..XA .MM.
[['.', '.', 'A', '.'], ['A', '.', 'M', 'S'], ['A', 'M', 'X', '.'], ['.', '.', 'X', 'A']]
[['.', 'A', 'A', '.'], ['.', '.', 'M', '.'], ['A', 'M', 'X', 'X'], ['.', 'S', '.', 'A']]
0 0 0
.M.. .SX.
[['.', 'A', '.', '.'], ['.', 'M', 'S', '.'], ['M', 'X', '.', 'M'], ['.', 'X', 'A', '.']]
[['.', '.', 'M', '.'], ['A', 'M', 'X', 'X'], ['.', 'S', '.', 'A'], ['.', '.', 'M', '.']]
0 0 0
ASMA ...X
[['A', '.', '.', '.'], ['M', 'S', '.', 'X'], ['X', '.', 'M', 'M'], ['X', 'A', '.', 'A']]
[['A', 'M', 'X', 'X'], ['.', 'S', '.', 'A'], ['.', '.', 'M', '.'], ['.', 'X', 'M', 'A']]
0 0 0
.M.. .A.S
[['.', '.', 'A', '.'], ['X', 'M', 'A', 'S'], ['X', '.', '.', '.'], ['S', '.', 'S', '.']]
[['.', 'X', 'X', 'S'], ['.', 'M', '.', '.'], ['A', 'A', '.', 'S'], ['.', 'S', '.', '.']]
1 0 0
.A.S AS..
[['.', 'A', '.', 'A'], ['M', 'A', 'S', 'A'], ['.', '.', '.', '.'], ['.', 'S', '.', 'S']]
[['.', 'M', '.', '.'], ['A', 'A', '.', 'S'], ['.', 'S', '.', '.'], ['A', 'A', '.', 'S']]
0 0 0
AS.. .A.S
[['A', '.', 'A', '.'], ['A', 'S', 'A', 'M'], ['.', '.', '.', '.'], ['S', '.', 'S', '.']]
[['A', 'A', '.', 'S'], ['.', 'S', '.', '.'], ['A', 'A', '.', 'S'], ['.', 'M', '.', '.']]
0 0 0
.A.S MM..
[['.', 'A', '.', 'M'], ['S', 'A', 'M', 'X'], ['.', '.', '.', 'X'], ['.', 'S', '.', 'S']]
[['.', 'S', '.', '.'], ['A', 'A', '.', 'S'], ['.', 'M', '.', '.'], ['M', 'X', 'X', 'S']]
1 0 0
AMX. SX.S
[['A', '.', 'M', 'S'], ['A', 'M', 'X', '.'], ['.', '.', 'X', 'A'], ['S', '.', 'S', '.']]
[['A', 'A', '.', 'S'], ['.', 'M', '.', '.'], ['M', 'X', 'X', 'S'], ['S', '.', 'A', '.']]
0 0 0
.XAS ..X.
[['.', 'M', 'S', '.'], ['M', 'X', '.', 'M'], ['.', 'X', 'A', '.'], ['.', 'S', '.', 'S']]
[['.', 'M', '.', '.'], ['M', 'X', 'X', 'S'], ['S', '.', 'A', '.'], ['.', 'M', '.', 'S']]
0 0 0
M..S XMAS
[['M', 'S', '.', 'X'], ['X', '.', 'M', 'M'], ['X', 'A', '.', 'A'], ['S', '.', 'S', 'S']]
[['M', 'X', 'X', 'S'], ['S', '.', 'A', '.'], ['.', 'M', '.', 'S'], ['X', 'M', 'A', 'S']]
0 1 1
X.SA S...
[['X', 'M', 'A', 'S'], ['X', '.', '.', '.'], ['S', '.', 'S', '.'], ['.', 'A', '.', 'A']]
[['X', 'X', 'S', '.'], ['M', '.', '.', 'A'], ['A', '.', 'S', '.'], ['S', '.', '.', 'A']]
1 0 0
M... A.SA
[['M', 'A', 'S', 'A'], ['.', '.', '.', '.'], ['.', 'S', '.', 'S'], ['A', '.', 'A', '.']]
[['M', '.', '.', 'A'], ['A', '.', 'S', '.'], ['S', '.', '.', 'A'], ['A', '.', 'S', '.']]
0 0 0
A.SA M...
[['A', 'S', 'A', 'M'], ['.', '.', '.', '.'], ['S', '.', 'S', '.'], ['.', 'A', '.', 'A']]
[['A', '.', 'S', '.'], ['S', '.', '.', 'A'], ['A', '.', 'S', '.'], ['M', '.', '.', 'A']]
0 0 0
S... X.SA
[['S', 'A', 'M', 'X'], ['.', '.', '.', 'X'], ['.', 'S', '.', 'S'], ['A', '.', 'A', '.']]
[['S', '.', '.', 'A'], ['A', '.', 'S', '.'], ['M', '.', '.', 'A'], ['X', 'X', 'S', '.']]
1 0 0
A.SA .X..
[['A', 'M', 'X', '.'], ['.', '.', 'X', 'A'], ['S', '.', 'S', '.'], ['.', 'A', '.', 'A']]
[['A', '.', 'S', '.'], ['M', '.', '.', 'A'], ['X', 'X', 'S', '.'], ['.', 'A', '.', 'A']]
0 0 0
MX.. MASA
[['M', 'X', '.', 'M'], ['.', 'X', 'A', '.'], ['.', 'S', '.', 'S'], ['A', '.', 'A', '.']]
[['M', '.', '.', 'A'], ['X', 'X', 'S', '.'], ['.', 'A', '.', 'A'], ['M', '.', 'S', '.']]
0 0 0
XASA M...
[['X', '.', 'M', 'M'], ['X', 'A', '.', 'A'], ['S', '.', 'S', 'S'], ['.', 'A', '.', 'A']]
[['X', 'X', 'S', '.'], ['.', 'A', '.', 'A'], ['M', '.', 'S', '.'], ['M', 'A', 'S', 'A']]
0 0 0
X... .SA.
[['X', '.', '.', '.'], ['S', '.', 'S', '.'], ['.', 'A', '.', 'A'], ['.', '.', 'M', '.']]
[['X', 'S', '.', '.'], ['.', '.', 'A', '.'], ['.', 'S', '.', 'M'], ['.', '.', 'A', '.']]
0 0 0
.SAM ....
[['.', '.', '.', '.'], ['.', 'S', '.', 'S'], ['A', '.', 'A', '.'], ['.', 'M', '.', 'M']]
[['.', '.', 'A', '.'], ['.', 'S', '.', 'M'], ['.', '.', 'A', '.'], ['.', 'S', '.', 'M']]
0 0 0
.... .SAM
[['.', '.', '.', '.'], ['S', '.', 'S', '.'], ['.', 'A', '.', 'A'], ['M', '.', 'M', '.']]
[['.', 'S', '.', 'M'], ['.', '.', 'A', '.'], ['.', 'S', '.', 'M'], ['.', '.', 'A', '.']]
0 0 0
.SAM X...
[['.', '.', '.', 'X'], ['.', 'S', '.', 'S'], ['A', '.', 'A', '.'], ['.', 'M', '.', 'M']]
[['.', '.', 'A', '.'], ['.', 'S', '.', 'M'], ['.', '.', 'A', '.'], ['X', 'S', '.', 'M']]
0 0 0
.... ASAM
[['.', '.', 'X', 'A'], ['S', '.', 'S', '.'], ['.', 'A', '.', 'A'], ['M', '.', 'M', '.']]
[['.', 'S', '.', 'M'], ['.', '.', 'A', '.'], ['X', 'S', '.', 'M'], ['A', '.', 'A', '.']]
0 0 0
.SAM ....
[['.', 'X', 'A', '.'], ['.', 'S', '.', 'S'], ['A', '.', 'A', '.'], ['.', 'M', '.', 'M']]
[['.', '.', 'A', '.'], ['X', 'S', '.', 'M'], ['A', '.', 'A', '.'], ['.', 'S', '.', 'M']]
0 0 0
X..M ASAM
[['X', 'A', '.', 'A'], ['S', '.', 'S', 'S'], ['.', 'A', '.', 'A'], ['M', '.', 'M', 'M']]
[['X', 'S', '.', 'M'], ['A', '.', 'A', '.'], ['.', 'S', '.', 'M'], ['A', 'S', 'A', 'M']]
0 0 0
SAMX ....
[['S', '.', 'S', '.'], ['.', 'A', '.', 'A'], ['.', '.', 'M', '.'], ['.', 'X', '.', 'X']]
[['S', '.', '.', '.'], ['.', 'A', '.', 'X'], ['S', '.', 'M', '.'], ['.', 'A', '.', 'X']]
0 0 1
.... SAMX
[['.', 'S', '.', 'S'], ['A', '.', 'A', '.'], ['.', 'M', '.', 'M'], ['X', '.', 'X', '.']]
[['.', 'A', '.', 'X'], ['S', '.', 'M', '.'], ['.', 'A', '.', 'X'], ['S', '.', 'M', '.']]
0 0 1
SAMX ....
[['S', '.', 'S', '.'], ['.', 'A', '.', 'A'], ['M', '.', 'M', '.'], ['.', 'X', '.', 'X']]
[['S', '.', 'M', '.'], ['.', 'A', '.', 'X'], ['S', '.', 'M', '.'], ['.', 'A', '.', 'X']]
0 0 1
...M SAMX
[['.', 'S', '.', 'S'], ['A', '.', 'A', '.'], ['.', 'M', '.', 'M'], ['X', '.', 'X', 'M']]
[['.', 'A', '.', 'X'], ['S', '.', 'M', '.'], ['.', 'A', '.', 'X'], ['S', '.', 'M', 'M']]
0 0 1
SAMA ....
[['S', '.', 'S', '.'], ['.', 'A', '.', 'A'], ['M', '.', 'M', '.'], ['.', 'X', 'M', 'A']]
[['S', '.', 'M', '.'], ['.', 'A', '.', 'X'], ['S', '.', 'M', 'M'], ['.', 'A', '.', 'A']]
0 0 0
...S SAMX
[['.', 'S', '.', 'S'], ['A', '.', 'A', '.'], ['.', 'M', '.', 'M'], ['X', 'M', 'A', 'S']]
[['.', 'A', '.', 'X'], ['S', '.', 'M', 'M'], ['.', 'A', '.', 'A'], ['S', '.', 'M', 'S']]
1 0 1
SAMX S..M
[['S', '.', 'S', 'S'], ['.', 'A', '.', 'A'], ['M', '.', 'M', 'M'], ['M', 'A', 'S', 'X']]
[['S', '.', 'M', 'M'], ['.', 'A', '.', 'A'], ['S', '.', 'M', 'S'], ['S', 'A', 'M', 'X']]
0 1 1
thread 'tests::test_part_one' panicked at src/bin/04.rs:109:9:
assertion `left == right` failed
  left: Some(12)
 right: Some(18)
note: run with `RUST_BACKTRACE=1` environment variable to display a backtrace


failures:
    tests::test_part_one

test result: FAILED. 1 passed; 1 failed; 0 ignored; 0 measured; 0 filtered out; finished in 0.00s

